<?xml version="1.0" encoding="UTF-8"?>
<testsuites>
  <testsuite name="" tests="19" assertions="87" errors="4" warnings="0" failures="0" skipped="0" time="0.019023">
    <testsuite name="app" tests="19" assertions="87" errors="4" warnings="0" failures="0" skipped="0" time="0.019023">
      <testsuite name="Crochetfeve0251\GoogleAnalyticsPhp\Tests\units\GA\Entities\ActionTest" file="/home/cyrille/PhpstormProjects/google-analytics-php/tests/units/GA/Entities/ActionTest.php" tests="5" assertions="31" errors="0" warnings="0" failures="0" skipped="0" time="0.004733">
        <testcase name="testShouldRenderIntoSingleDimensionArray" class="Crochetfeve0251\GoogleAnalyticsPhp\Tests\units\GA\Entities\ActionTest" classname="Crochetfeve0251.GoogleAnalyticsPhp.Tests.units.GA.Entities.ActionTest" file="/home/cyrille/PhpstormProjects/google-analytics-php/tests/units/GA/Entities/ActionTest.php" line="13" assertions="12" time="0.002147"/>
        <testcase name="testShouldRenderWithRightIndex" class="Crochetfeve0251\GoogleAnalyticsPhp\Tests\units\GA\Entities\ActionTest" classname="Crochetfeve0251.GoogleAnalyticsPhp.Tests.units.GA.Entities.ActionTest" file="/home/cyrille/PhpstormProjects/google-analytics-php/tests/units/GA/Entities/ActionTest.php" line="39" assertions="12" time="0.000477"/>
        <testcase name="testShouldRenderWithJustName" class="Crochetfeve0251\GoogleAnalyticsPhp\Tests\units\GA\Entities\ActionTest" classname="Crochetfeve0251.GoogleAnalyticsPhp.Tests.units.GA.Entities.ActionTest" file="/home/cyrille/PhpstormProjects/google-analytics-php/tests/units/GA/Entities/ActionTest.php" line="65" assertions="3" time="0.000684"/>
        <testcase name="testShouldRenderWithJustId" class="Crochetfeve0251\GoogleAnalyticsPhp\Tests\units\GA\Entities\ActionTest" classname="Crochetfeve0251.GoogleAnalyticsPhp.Tests.units.GA.Entities.ActionTest" file="/home/cyrille/PhpstormProjects/google-analytics-php/tests/units/GA/Entities/ActionTest.php" line="74" assertions="3" time="0.000489"/>
        <testcase name="testShouldNotRenderWithoutParams" class="Crochetfeve0251\GoogleAnalyticsPhp\Tests\units\GA\Entities\ActionTest" classname="Crochetfeve0251.GoogleAnalyticsPhp.Tests.units.GA.Entities.ActionTest" file="/home/cyrille/PhpstormProjects/google-analytics-php/tests/units/GA/Entities/ActionTest.php" line="84" assertions="1" time="0.000937"/>
      </testsuite>
      <testsuite name="Crochetfeve0251\GoogleAnalyticsPhp\Tests\units\GA\Entities\ImpressionTest" file="/home/cyrille/PhpstormProjects/google-analytics-php/tests/units/GA/Entities/ImpressionTest.php" tests="3" assertions="13" errors="0" warnings="0" failures="0" skipped="0" time="0.007446">
        <testcase name="testShouldRenderIntoSingleDimensionArray" class="Crochetfeve0251\GoogleAnalyticsPhp\Tests\units\GA\Entities\ImpressionTest" classname="Crochetfeve0251.GoogleAnalyticsPhp.Tests.units.GA.Entities.ImpressionTest" file="/home/cyrille/PhpstormProjects/google-analytics-php/tests/units/GA/Entities/ImpressionTest.php" line="12" assertions="5" time="0.006184"/>
        <testcase name="testShouldRenderWithRightIndex" class="Crochetfeve0251\GoogleAnalyticsPhp\Tests\units\GA\Entities\ImpressionTest" classname="Crochetfeve0251.GoogleAnalyticsPhp.Tests.units.GA.Entities.ImpressionTest" file="/home/cyrille/PhpstormProjects/google-analytics-php/tests/units/GA/Entities/ImpressionTest.php" line="25" assertions="5" time="0.000816"/>
        <testcase name="testRenderWithoutAnyListShouldWorks" class="Crochetfeve0251\GoogleAnalyticsPhp\Tests\units\GA\Entities\ImpressionTest" classname="Crochetfeve0251.GoogleAnalyticsPhp.Tests.units.GA.Entities.ImpressionTest" file="/home/cyrille/PhpstormProjects/google-analytics-php/tests/units/GA/Entities/ImpressionTest.php" line="38" assertions="3" time="0.000446"/>
      </testsuite>
      <testsuite name="Crochetfeve0251\GoogleAnalyticsPhp\Tests\units\GA\Entities\ProductActionTest" file="/home/cyrille/PhpstormProjects/google-analytics-php/tests/units/GA/Entities/ProductActionTest.php" tests="2" assertions="8" errors="0" warnings="0" failures="0" skipped="0" time="0.002061">
        <testcase name="testShouldRenderIntoSingleDimensionArray" class="Crochetfeve0251\GoogleAnalyticsPhp\Tests\units\GA\Entities\ProductActionTest" classname="Crochetfeve0251.GoogleAnalyticsPhp.Tests.units.GA.Entities.ProductActionTest" file="/home/cyrille/PhpstormProjects/google-analytics-php/tests/units/GA/Entities/ProductActionTest.php" line="12" assertions="5" time="0.001560"/>
        <testcase name="testShouldRenderWithoutAction" class="Crochetfeve0251\GoogleAnalyticsPhp\Tests\units\GA\Entities\ProductActionTest" classname="Crochetfeve0251.GoogleAnalyticsPhp.Tests.units.GA.Entities.ProductActionTest" file="/home/cyrille/PhpstormProjects/google-analytics-php/tests/units/GA/Entities/ProductActionTest.php" line="30" assertions="3" time="0.000501"/>
      </testsuite>
      <testsuite name="Crochetfeve0251\GoogleAnalyticsPhp\Tests\units\GA\Entities\ProductTest" file="/home/cyrille/PhpstormProjects/google-analytics-php/tests/units/GA/Entities/ProductTest.php" tests="5" assertions="35" errors="0" warnings="0" failures="0" skipped="0" time="0.002823">
        <testcase name="testShouldRenderIntoSingleDimensionArray" class="Crochetfeve0251\GoogleAnalyticsPhp\Tests\units\GA\Entities\ProductTest" classname="Crochetfeve0251.GoogleAnalyticsPhp.Tests.units.GA.Entities.ProductTest" file="/home/cyrille/PhpstormProjects/google-analytics-php/tests/units/GA/Entities/ProductTest.php" line="12" assertions="14" time="0.000591"/>
        <testcase name="testShouldRenderWithRightIndexes" class="Crochetfeve0251\GoogleAnalyticsPhp\Tests\units\GA\Entities\ProductTest" classname="Crochetfeve0251.GoogleAnalyticsPhp.Tests.units.GA.Entities.ProductTest" file="/home/cyrille/PhpstormProjects/google-analytics-php/tests/units/GA/Entities/ProductTest.php" line="41" assertions="14" time="0.000736"/>
        <testcase name="testShouldNotRenderWithoutAnything" class="Crochetfeve0251\GoogleAnalyticsPhp\Tests\units\GA\Entities\ProductTest" classname="Crochetfeve0251.GoogleAnalyticsPhp.Tests.units.GA.Entities.ProductTest" file="/home/cyrille/PhpstormProjects/google-analytics-php/tests/units/GA/Entities/ProductTest.php" line="71" assertions="1" time="0.000463"/>
        <testcase name="testShouldRenderWithName" class="Crochetfeve0251\GoogleAnalyticsPhp\Tests\units\GA\Entities\ProductTest" classname="Crochetfeve0251.GoogleAnalyticsPhp.Tests.units.GA.Entities.ProductTest" file="/home/cyrille/PhpstormProjects/google-analytics-php/tests/units/GA/Entities/ProductTest.php" line="77" assertions="3" time="0.000472"/>
        <testcase name="testShouldRenderWithId" class="Crochetfeve0251\GoogleAnalyticsPhp\Tests\units\GA\Entities\ProductTest" classname="Crochetfeve0251.GoogleAnalyticsPhp.Tests.units.GA.Entities.ProductTest" file="/home/cyrille/PhpstormProjects/google-analytics-php/tests/units/GA/Entities/ProductTest.php" line="87" assertions="3" time="0.000561"/>
      </testsuite>
      <testsuite name="Crochetfeve0251\GoogleAnalyticsPhp\Tests\units\GA\Entities\TransactionTest" file="/home/cyrille/PhpstormProjects/google-analytics-php/tests/units/GA/Entities/TransactionTest.php" tests="4" assertions="0" errors="4" warnings="0" failures="0" skipped="0" time="0.001960">
        <testcase name="testShouldRenderIntoSingleDimensionArray" class="Crochetfeve0251\GoogleAnalyticsPhp\Tests\units\GA\Entities\TransactionTest" classname="Crochetfeve0251.GoogleAnalyticsPhp.Tests.units.GA.Entities.TransactionTest" file="/home/cyrille/PhpstormProjects/google-analytics-php/tests/units/GA/Entities/TransactionTest.php" line="11" assertions="0" time="0.000792">
          <error type="PHPUnit\Framework\RiskyTestError">Crochetfeve0251\GoogleAnalyticsPhp\Tests\units\GA\Entities\TransactionTest::testShouldRenderIntoSingleDimensionArray
This test did not perform any assertions

/home/cyrille/PhpstormProjects/google-analytics-php/tests/units/GA/Entities/TransactionTest.php:11</error>
        </testcase>
        <testcase name="testShouldRenderWithRightIndexes" class="Crochetfeve0251\GoogleAnalyticsPhp\Tests\units\GA\Entities\TransactionTest" classname="Crochetfeve0251.GoogleAnalyticsPhp.Tests.units.GA.Entities.TransactionTest" file="/home/cyrille/PhpstormProjects/google-analytics-php/tests/units/GA/Entities/TransactionTest.php" line="15" assertions="0" time="0.000380">
          <error type="PHPUnit\Framework\RiskyTestError">Crochetfeve0251\GoogleAnalyticsPhp\Tests\units\GA\Entities\TransactionTest::testShouldRenderWithRightIndexes
This test did not perform any assertions

/home/cyrille/PhpstormProjects/google-analytics-php/tests/units/GA/Entities/TransactionTest.php:15</error>
        </testcase>
        <testcase name="testShouldNotRenderWithoutAnything" class="Crochetfeve0251\GoogleAnalyticsPhp\Tests\units\GA\Entities\TransactionTest" classname="Crochetfeve0251.GoogleAnalyticsPhp.Tests.units.GA.Entities.TransactionTest" file="/home/cyrille/PhpstormProjects/google-analytics-php/tests/units/GA/Entities/TransactionTest.php" line="19" assertions="0" time="0.000428">
          <error type="PHPUnit\Framework\RiskyTestError">Crochetfeve0251\GoogleAnalyticsPhp\Tests\units\GA\Entities\TransactionTest::testShouldNotRenderWithoutAnything
This test did not perform any assertions

/home/cyrille/PhpstormProjects/google-analytics-php/tests/units/GA/Entities/TransactionTest.php:19</error>
        </testcase>
        <testcase name="testShouldRenderWithMandatoryField" class="Crochetfeve0251\GoogleAnalyticsPhp\Tests\units\GA\Entities\TransactionTest" classname="Crochetfeve0251.GoogleAnalyticsPhp.Tests.units.GA.Entities.TransactionTest" file="/home/cyrille/PhpstormProjects/google-analytics-php/tests/units/GA/Entities/TransactionTest.php" line="23" assertions="0" time="0.000360">
          <error type="PHPUnit\Framework\RiskyTestError">Crochetfeve0251\GoogleAnalyticsPhp\Tests\units\GA\Entities\TransactionTest::testShouldRenderWithMandatoryField
This test did not perform any assertions

/home/cyrille/PhpstormProjects/google-analytics-php/tests/units/GA/Entities/TransactionTest.php:23</error>
        </testcase>
      </testsuite>
    </testsuite>
  </testsuite>
</testsuites>
